<?xml version="1.0" encoding="UTF-8"?>
<!-- Generated by org.testng.reporters.JUnitReportReporter -->
<testsuite hostname="ABHISHEK" failures="0" tests="3" name="xyztestingTestng.Testing2" time="12.089" errors="0" timestamp="2023-03-26T17:19:17 IST" skipped="0">
  <testcase classname="xyztestingTestng.Testing2" name="signout" time="4.037"/>
  <system-out/>
  <testcase classname="xyztestingTestng.Testing2" name="signin" time="4.036"/>
  <system-out/>
  <testcase classname="xyztestingTestng.Testing2" name="signup" time="4.016"/>
  <system-out/>
</testsuite> <!-- xyztestingTestng.Testing2 -->
