<?xml version="1.0" encoding="UTF-8"?>
<!-- Generated by org.testng.reporters.JUnitReportReporter -->
<testsuite hostname="ABHISHEK" failures="0" tests="3" name="xyztestingTestng.Testing" time="12.114" errors="0" timestamp="2023-03-26T17:19:17 IST" skipped="0">
  <testcase classname="xyztestingTestng.Testing" name="signin" time="4.036"/>
  <system-out/>
  <testcase classname="xyztestingTestng.Testing" name="signout" time="4.041"/>
  <system-out/>
  <testcase classname="xyztestingTestng.Testing" name="signup" time="4.037"/>
  <system-out/>
</testsuite> <!-- xyztestingTestng.Testing -->
